<?xml version="1.0" encoding="UTF-8"?>
<!-- Generated by org.testng.reporters.JUnitReportReporter -->
<testsuite hostname="DESKTOP-N0CE5PM" name="basics.MyFirstAutomationScriptCH" tests="1" failures="0" timestamp="5 May 2019 14:10:24 GMT" time="34.897" errors="0">
  <testcase name="myTestMethod" time="34.897" classname="basics.MyFirstAutomationScriptCH"/>
</testsuite> <!-- basics.MyFirstAutomationScriptCH -->
