<?xml version="1.0" encoding="UTF-8"?>
<!-- Generated by org.testng.reporters.JUnitReportReporter -->
<testsuite hostname="DESKTOP-N0CE5PM" name="basics.alert.AlertBoxTest" tests="1" failures="0" timestamp="5 May 2019 14:10:28 GMT" time="135.688" errors="0">
  <testcase name="myAlertBoxTest" time="135.688" classname="basics.alert.AlertBoxTest"/>
</testsuite> <!-- basics.alert.AlertBoxTest -->
