<?xml version="1.0" encoding="UTF-8"?>
<!-- Generated by org.testng.reporters.JUnitReportReporter -->
<testsuite hostname="DESKTOP-N0CE5PM" name="advanced.MyFileDownload" tests="1" failures="0" timestamp="5 May 2019 14:10:26 GMT" time="32.268" errors="0">
  <testcase name="myDownload" time="32.268" classname="advanced.MyFileDownload"/>
</testsuite> <!-- advanced.MyFileDownload -->
