<?xml version="1.0" encoding="UTF-8"?>
<!-- Generated by org.testng.reporters.JUnitReportReporter -->
<testsuite hostname="DESKTOP-N0CE5PM" name="advanced.myassgnment.MyDynamicTable" tests="1" failures="0" timestamp="5 May 2019 14:10:26 GMT" time="13.392" errors="0">
  <testcase name="dynamicTableTest" time="13.392" classname="advanced.myassgnment.MyDynamicTable"/>
</testsuite> <!-- advanced.myassgnment.MyDynamicTable -->
