<?xml version="1.0" encoding="UTF-8"?>
<!-- Generated by org.testng.reporters.JUnitReportReporter -->
<testsuite hostname="DESKTOP-N0CE5PM" name="TestNGB9.ParallelMethod" tests="4" failures="0" timestamp="5 May 2019 14:58:07 GMT" time="40.051" errors="0">
  <testcase name="myTest4" time="10.003" classname="TestNGB9.ParallelMethod"/>
  <testcase name="myTest3" time="10.016" classname="TestNGB9.ParallelMethod"/>
  <testcase name="myTest2" time="10.016" classname="TestNGB9.ParallelMethod"/>
  <testcase name="myTest1" time="10.016" classname="TestNGB9.ParallelMethod"/>
</testsuite> <!-- TestNGB9.ParallelMethod -->
