<?xml version="1.0" encoding="UTF-8"?>
<!-- Generated by org.testng.reporters.JUnitReportReporter -->
<testsuite hostname="DESKTOP-N0CE5PM" name="advanced.OpenLinkinNewTab" tests="1" failures="0" timestamp="5 May 2019 14:10:25 GMT" time="21.248" errors="0">
  <testcase name="myTestMethod" time="21.248" classname="advanced.OpenLinkinNewTab"/>
</testsuite> <!-- advanced.OpenLinkinNewTab -->
