<?xml version="1.0" encoding="UTF-8"?>
<!-- Generated by org.testng.reporters.JUnitReportReporter -->
<testsuite hostname="DESKTOP-N0CE5PM" name="TestNGB9.TestNGCompleteRun" tests="2" failures="0" timestamp="23 Mar 2019 05:31:05 GMT" time="0.000" errors="0">
  <testcase name="test1" time="0.000" classname="TestNGB9.TestNGCompleteRun"/>
  <testcase name="test2" time="0.000" classname="TestNGB9.TestNGCompleteRun"/>
</testsuite> <!-- TestNGB9.TestNGCompleteRun -->
