<?xml version="1.0" encoding="UTF-8"?>
<!-- Generated by org.testng.reporters.JUnitReportReporter -->
<testsuite hostname="DESKTOP-N0CE5PM" name="TestNGB9.ParallelClassB" tests="2" failures="0" timestamp="5 May 2019 14:56:22 GMT" time="20.025" errors="0">
  <testcase name="myTest2" time="10.003" classname="TestNGB9.ParallelClassB"/>
  <testcase name="myTest1" time="10.022" classname="TestNGB9.ParallelClassB"/>
</testsuite> <!-- TestNGB9.ParallelClassB -->
