<?xml version="1.0" encoding="UTF-8"?>
<!-- Generated by org.testng.reporters.JUnitReportReporter -->
<testsuite hostname="DESKTOP-N0CE5PM" name="advanced.MyDragAndDrop" tests="1" failures="0" timestamp="5 May 2019 14:10:28 GMT" time="20.498" errors="0">
  <testcase name="myTestMethod" time="20.498" classname="advanced.MyDragAndDrop"/>
</testsuite> <!-- advanced.MyDragAndDrop -->
