<?xml version="1.0" encoding="UTF-8"?>
<!-- Generated by org.testng.reporters.JUnitReportReporter -->
<testsuite hostname="DESKTOP-N0CE5PM" name="basics.MyFirstAutomationScriptEdge" tests="1" failures="0" timestamp="5 May 2019 14:56:22 GMT" time="10.746" errors="0">
  <testcase name="myTestMethod" time="10.746" classname="basics.MyFirstAutomationScriptEdge"/>
</testsuite> <!-- basics.MyFirstAutomationScriptEdge -->
