<?xml version="1.0" encoding="UTF-8"?>
<!-- Generated by org.testng.reporters.JUnitReportReporter -->
<testsuite hostname="DESKTOP-N0CE5PM" name="advanced.MyFileDownloadChrome" tests="1" failures="0" timestamp="5 May 2019 14:10:24 GMT" time="10.236" errors="0">
  <testcase name="myDownload" time="10.236" classname="advanced.MyFileDownloadChrome"/>
</testsuite> <!-- advanced.MyFileDownloadChrome -->
