<?xml version="1.0" encoding="UTF-8"?>
<!-- Generated by org.testng.reporters.JUnitReportReporter -->
<testsuite hostname="DESKTOP-N0CE5PM" name="advanced.MyTable" tests="1" failures="0" timestamp="17 Mar 2019 05:17:35 GMT" time="6.498" errors="0">
  <testcase name="testTable" time="6.498" classname="advanced.MyTable"/>
</testsuite> <!-- advanced.MyTable -->
