<?xml version="1.0" encoding="UTF-8"?>
<!-- Generated by org.testng.reporters.JUnitReportReporter -->
<testsuite hostname="DESKTOP-N0CE5PM" name="grid.GridTest1" tests="1" failures="0" timestamp="30 Mar 2019 04:05:25 GMT" time="20.172" errors="0">
  <testcase name="test1" time="20.172" classname="grid.GridTest1"/>
</testsuite> <!-- grid.GridTest1 -->
