<?xml version="1.0" encoding="UTF-8"?>
<!-- Generated by org.testng.reporters.JUnitReportReporter -->
<testsuite hostname="DESKTOP-N0CE5PM" name="basics.MyCheckBox" tests="1" failures="0" timestamp="5 May 2019 14:52:07 GMT" time="15.883" errors="0">
  <testcase name="myTestMethod" time="15.883" classname="basics.MyCheckBox"/>
</testsuite> <!-- basics.MyCheckBox -->
