<?xml version="1.0" encoding="UTF-8"?>
<!-- Generated by org.testng.reporters.JUnitReportReporter -->
<testsuite hostname="DESKTOP-N0CE5PM" name="basics.MyAutomationScript" tests="1" failures="0" timestamp="5 May 2019 14:10:24 GMT" time="35.325" errors="0">
  <testcase name="MyRegistration" time="35.325" classname="basics.MyAutomationScript"/>
</testsuite> <!-- basics.MyAutomationScript -->
