<?xml version="1.0" encoding="UTF-8"?>
<!-- Generated by org.testng.reporters.JUnitReportReporter -->
<testsuite hostname="DESKTOP-N0CE5PM" name="basics.select.GetAllSelectedOptions" tests="1" failures="0" timestamp="5 May 2019 14:10:27 GMT" time="28.307" errors="0">
  <testcase name="myTestMethod" time="28.307" classname="basics.select.GetAllSelectedOptions"/>
</testsuite> <!-- basics.select.GetAllSelectedOptions -->
