<?xml version="1.0" encoding="UTF-8"?>
<!-- Generated by org.testng.reporters.JUnitReportReporter -->
<testsuite hostname="DESKTOP-N0CE5PM" name="TestNGB9.TestNGenabledDisabled" tests="2" failures="0" timestamp="23 Mar 2019 04:55:43 GMT" time="0.015" errors="0">
  <testcase name="myTest22" time="0.015" classname="TestNGB9.TestNGenabledDisabled"/>
  <testcase name="myTest3" time="0.000" classname="TestNGB9.TestNGenabledDisabled"/>
</testsuite> <!-- TestNGB9.TestNGenabledDisabled -->
