<?xml version="1.0" encoding="UTF-8"?>
<!-- Generated by org.testng.reporters.JUnitReportReporter -->
<testsuite hostname="DESKTOP-N0CE5PM" name="datadriven.MyDataDrivenScript" tests="9" failures="0" timestamp="5 May 2019 14:10:27 GMT" time="174.096" errors="0">
  <testcase name="loginToFacebook" time="19.511" classname="datadriven.MyDataDrivenScript"/>
  <testcase name="loginToFacebook" time="24.341" classname="datadriven.MyDataDrivenScript"/>
  <testcase name="loginToFacebook" time="13.924" classname="datadriven.MyDataDrivenScript"/>
  <testcase name="loginToFacebook" time="24.172" classname="datadriven.MyDataDrivenScript"/>
  <testcase name="loginToFacebook" time="13.216" classname="datadriven.MyDataDrivenScript"/>
  <testcase name="loginToFacebook" time="27.692" classname="datadriven.MyDataDrivenScript"/>
  <testcase name="loginToFacebook" time="13.087" classname="datadriven.MyDataDrivenScript"/>
  <testcase name="loginToFacebook" time="23.368" classname="datadriven.MyDataDrivenScript"/>
  <testcase name="loginToFacebook" time="14.785" classname="datadriven.MyDataDrivenScript"/>
</testsuite> <!-- datadriven.MyDataDrivenScript -->
