<?xml version="1.0" encoding="UTF-8"?>
<!-- Generated by org.testng.reporters.JUnitReportReporter -->
<testsuite hostname="DESKTOP-N0CE5PM" name="advanced.ImplicitWait" tests="1" failures="0" timestamp="5 May 2019 14:10:27 GMT" time="18.213" errors="0">
  <testcase name="myImplicitWait" time="18.213" classname="advanced.ImplicitWait"/>
</testsuite> <!-- advanced.ImplicitWait -->
