<?xml version="1.0" encoding="UTF-8"?>
<!-- Generated by org.testng.reporters.JUnitReportReporter -->
<testsuite hostname="DESKTOP-N0CE5PM" name="TestNGB9.MyGroupA" tests="4" failures="0" timestamp="23 Mar 2019 05:04:25 GMT" time="0.047" errors="0">
  <testcase name="test1" time="0.047" classname="TestNGB9.MyGroupA"/>
  <testcase name="test4" time="0.000" classname="TestNGB9.MyGroupA"/>
  <testcase name="test3" time="0.000" classname="TestNGB9.MyGroupA"/>
  <testcase name="test2" time="0.000" classname="TestNGB9.MyGroupA"/>
</testsuite> <!-- TestNGB9.MyGroupA -->
