<?xml version="1.0" encoding="UTF-8"?>
<!-- Generated by org.testng.reporters.JUnitReportReporter -->
<testsuite hostname="DESKTOP-N0CE5PM" name="advanced.myassgnment.TakeScreenShotElementNotFound" tests="1" failures="0" timestamp="5 May 2019 14:10:27 GMT" time="5.733" errors="0">
  <testcase name="takeSreenshot" time="5.733" classname="advanced.myassgnment.TakeScreenShotElementNotFound"/>
</testsuite> <!-- advanced.myassgnment.TakeScreenShotElementNotFound -->
