<?xml version="1.0" encoding="UTF-8"?>
<!-- Generated by org.testng.reporters.JUnitReportReporter -->
<testsuite hostname="DESKTOP-N0CE5PM" name="basics.myassignments.MoveAllListItemsToRights" tests="1" failures="0" timestamp="5 May 2019 14:10:25 GMT" time="50.809" errors="0">
  <testcase name="myTestMethod" time="50.809" classname="basics.myassignments.MoveAllListItemsToRights"/>
</testsuite> <!-- basics.myassignments.MoveAllListItemsToRights -->
