<?xml version="1.0" encoding="UTF-8"?>
<!-- Generated by org.testng.reporters.JUnitReportReporter -->
<testsuite hostname="DESKTOP-N0CE5PM" name="advanced.myassgnment.OpenNewTabBrowser" tests="1" failures="0" timestamp="5 May 2019 14:10:25 GMT" time="66.697" errors="0">
  <testcase name="myTestMethod" time="66.697" classname="advanced.myassgnment.OpenNewTabBrowser"/>
</testsuite> <!-- advanced.myassgnment.OpenNewTabBrowser -->
