<?xml version="1.0" encoding="UTF-8"?>
<!-- Generated by org.testng.reporters.JUnitReportReporter -->
<testsuite hostname="DESKTOP-N0CE5PM" name="datadriven.MyDataDrivenScript1" tests="3" failures="0" timestamp="5 May 2019 14:10:27 GMT" time="0.004" errors="0">
  <testcase name="loginToFacebook" time="0.000" classname="datadriven.MyDataDrivenScript1"/>
  <testcase name="loginToFacebook" time="0.002" classname="datadriven.MyDataDrivenScript1"/>
  <testcase name="loginToFacebook" time="0.002" classname="datadriven.MyDataDrivenScript1"/>
</testsuite> <!-- datadriven.MyDataDrivenScript1 -->
