<?xml version="1.0" encoding="UTF-8"?>
<!-- Generated by org.testng.reporters.JUnitReportReporter -->
<testsuite hostname="DESKTOP-N0CE5PM" name="basics.AmazonLoginTestCh" tests="1" failures="0" timestamp="5 May 2019 14:10:28 GMT" time="0.000" errors="0">
  <testcase name="myLoginTest" time="0.000" classname="basics.AmazonLoginTestCh"/>
</testsuite> <!-- basics.AmazonLoginTestCh -->
