<?xml version="1.0" encoding="UTF-8"?>
<!-- Generated by org.testng.reporters.JUnitReportReporter -->
<testsuite hostname="DESKTOP-N0CE5PM" name="TestNGB9.PriorityTest" tests="7" failures="0" timestamp="23 Mar 2019 04:40:41 GMT" time="0.031" errors="0">
  <testcase name="login" time="0.000" classname="TestNGB9.PriorityTest"/>
  <testcase name="bdeleteU" time="0.000" classname="TestNGB9.PriorityTest"/>
  <testcase name="login1" time="0.000" classname="TestNGB9.PriorityTest"/>
  <testcase name="adeleteU" time="0.016" classname="TestNGB9.PriorityTest"/>
  <testcase name="createG" time="0.000" classname="TestNGB9.PriorityTest"/>
  <testcase name="aaa" time="0.015" classname="TestNGB9.PriorityTest"/>
  <testcase name="createU" time="0.000" classname="TestNGB9.PriorityTest"/>
</testsuite> <!-- TestNGB9.PriorityTest -->
